{"C:\\Users\\dougl\\OneDrive\\Documentos\\repos\\rocketseat-ignews-modulo-3\\src\\components\\ActiveLink\\index.tsx": {"path":"C:\\Users\\dougl\\OneDrive\\Documentos\\repos\\rocketseat-ignews-modulo-3\\src\\components\\ActiveLink\\index.tsx","statementMap":{"0":{"start":{"line":12,"column":21},"end":{"line":12,"column":32}},"1":{"start":{"line":14,"column":20},"end":{"line":16,"column":8}},"2":{"start":{"line":18,"column":2},"end":{"line":24,"column":3}}},"fnMap":{"0":{"name":"ActiveLink","decl":{"start":{"line":10,"column":16},"end":{"line":10,"column":26}},"loc":{"start":{"line":10,"column":84},"end":{"line":25,"column":1}},"line":10}},"branchMap":{"0":{"loc":{"start":{"line":14,"column":20},"end":{"line":16,"column":8}},"type":"cond-expr","locations":[{"start":{"line":15,"column":6},"end":{"line":15,"column":21}},{"start":{"line":16,"column":6},"end":{"line":16,"column":8}}],"line":14}},"s":{"0":4,"1":4,"2":4},"f":{"0":4},"b":{"0":[3,1]},"_coverageSchema":"1a1c01bbd47fc00a2c39e90264f33305004495a9","hash":"a8606a9e9a45a6820b7003e5f0dd6d6ace751b05"}
,"C:\\Users\\dougl\\OneDrive\\Documentos\\repos\\rocketseat-ignews-modulo-3\\src\\components\\Async\\index.tsx": {"path":"C:\\Users\\dougl\\OneDrive\\Documentos\\repos\\rocketseat-ignews-modulo-3\\src\\components\\Async\\index.tsx","statementMap":{"0":{"start":{"line":4,"column":48},"end":{"line":4,"column":63}},"1":{"start":{"line":6,"column":2},"end":{"line":10,"column":9}},"2":{"start":{"line":7,"column":4},"end":{"line":9,"column":13}},"3":{"start":{"line":8,"column":6},"end":{"line":8,"column":31}},"4":{"start":{"line":12,"column":2},"end":{"line":17,"column":4}}},"fnMap":{"0":{"name":"Async","decl":{"start":{"line":3,"column":16},"end":{"line":3,"column":21}},"loc":{"start":{"line":3,"column":24},"end":{"line":18,"column":1}},"line":3},"1":{"name":"(anonymous_1)","decl":{"start":{"line":6,"column":12},"end":{"line":6,"column":13}},"loc":{"start":{"line":6,"column":18},"end":{"line":10,"column":3}},"line":6},"2":{"name":"(anonymous_2)","decl":{"start":{"line":7,"column":15},"end":{"line":7,"column":16}},"loc":{"start":{"line":7,"column":21},"end":{"line":9,"column":5}},"line":7}},"branchMap":{"0":{"loc":{"start":{"line":15,"column":7},"end":{"line":15,"column":49}},"type":"binary-expr","locations":[{"start":{"line":15,"column":7},"end":{"line":15,"column":22}},{"start":{"line":15,"column":26},"end":{"line":15,"column":49}}],"line":15}},"s":{"0":2,"1":2,"2":1,"3":1,"4":2},"f":{"0":2,"1":1,"2":1},"b":{"0":[2,1]},"_coverageSchema":"1a1c01bbd47fc00a2c39e90264f33305004495a9","hash":"60720bce2a8be7710dd9bc4ca469b1c967b05f6a"}
,"C:\\Users\\dougl\\OneDrive\\Documentos\\repos\\rocketseat-ignews-modulo-3\\src\\components\\Header\\index.tsx": {"path":"C:\\Users\\dougl\\OneDrive\\Documentos\\repos\\rocketseat-ignews-modulo-3\\src\\components\\Header\\index.tsx","statementMap":{"0":{"start":{"line":10,"column":2},"end":{"line":26,"column":4}}},"fnMap":{"0":{"name":"Header","decl":{"start":{"line":8,"column":16},"end":{"line":8,"column":22}},"loc":{"start":{"line":8,"column":25},"end":{"line":27,"column":1}},"line":8}},"branchMap":{},"s":{"0":1},"f":{"0":1},"b":{},"_coverageSchema":"1a1c01bbd47fc00a2c39e90264f33305004495a9","hash":"ed0d601ae6420766be1f65726714eaa56c9ffdf4"}
,"C:\\Users\\dougl\\OneDrive\\Documentos\\repos\\rocketseat-ignews-modulo-3\\src\\components\\SignInButton\\index.tsx": {"path":"C:\\Users\\dougl\\OneDrive\\Documentos\\repos\\rocketseat-ignews-modulo-3\\src\\components\\SignInButton\\index.tsx","statementMap":{"0":{"start":{"line":8,"column":28},"end":{"line":8,"column":40}},"1":{"start":{"line":12,"column":2},"end":{"line":36,"column":4}},"2":{"start":{"line":17,"column":8},"end":{"line":17,"column":37}},"3":{"start":{"line":30,"column":8},"end":{"line":30,"column":45}}},"fnMap":{"0":{"name":"SignInButton","decl":{"start":{"line":7,"column":16},"end":{"line":7,"column":28}},"loc":{"start":{"line":7,"column":31},"end":{"line":37,"column":1}},"line":7},"1":{"name":"(anonymous_1)","decl":{"start":{"line":16,"column":15},"end":{"line":16,"column":16}},"loc":{"start":{"line":16,"column":26},"end":{"line":18,"column":7}},"line":16},"2":{"name":"(anonymous_2)","decl":{"start":{"line":29,"column":15},"end":{"line":29,"column":16}},"loc":{"start":{"line":29,"column":26},"end":{"line":31,"column":7}},"line":29}},"branchMap":{"0":{"loc":{"start":{"line":12,"column":9},"end":{"line":36,"column":3}},"type":"cond-expr","locations":[{"start":{"line":13,"column":4},"end":{"line":24,"column":13}},{"start":{"line":26,"column":4},"end":{"line":35,"column":13}}],"line":12}},"s":{"0":3,"1":3,"2":0,"3":0},"f":{"0":3,"1":0,"2":0},"b":{"0":[1,2]},"_coverageSchema":"1a1c01bbd47fc00a2c39e90264f33305004495a9","hash":"1730d19a7b10ded6a6e8c1cff01c318764bfe0aa"}
,"C:\\Users\\dougl\\OneDrive\\Documentos\\repos\\rocketseat-ignews-modulo-3\\src\\components\\SubscribeButton\\index.tsx": {"path":"C:\\Users\\dougl\\OneDrive\\Documentos\\repos\\rocketseat-ignews-modulo-3\\src\\components\\SubscribeButton\\index.tsx","statementMap":{"0":{"start":{"line":8,"column":28},"end":{"line":8,"column":40}},"1":{"start":{"line":9,"column":17},"end":{"line":9,"column":28}},"2":{"start":{"line":12,"column":4},"end":{"line":15,"column":5}},"3":{"start":{"line":13,"column":6},"end":{"line":13,"column":23}},"4":{"start":{"line":14,"column":6},"end":{"line":14,"column":13}},"5":{"start":{"line":17,"column":4},"end":{"line":20,"column":5}},"6":{"start":{"line":18,"column":6},"end":{"line":18,"column":28}},"7":{"start":{"line":19,"column":6},"end":{"line":19,"column":13}},"8":{"start":{"line":22,"column":4},"end":{"line":32,"column":5}},"9":{"start":{"line":23,"column":23},"end":{"line":23,"column":51}},"10":{"start":{"line":25,"column":28},"end":{"line":25,"column":41}},"11":{"start":{"line":27,"column":21},"end":{"line":27,"column":40}},"12":{"start":{"line":29,"column":6},"end":{"line":29,"column":53}},"13":{"start":{"line":31,"column":6},"end":{"line":31,"column":27}},"14":{"start":{"line":35,"column":2},"end":{"line":43,"column":4}}},"fnMap":{"0":{"name":"SubscribeButton","decl":{"start":{"line":7,"column":16},"end":{"line":7,"column":31}},"loc":{"start":{"line":7,"column":34},"end":{"line":44,"column":1}},"line":7},"1":{"name":"handleSubscribe","decl":{"start":{"line":11,"column":17},"end":{"line":11,"column":32}},"loc":{"start":{"line":11,"column":35},"end":{"line":33,"column":3}},"line":11}},"branchMap":{"0":{"loc":{"start":{"line":12,"column":4},"end":{"line":15,"column":5}},"type":"if","locations":[{"start":{"line":12,"column":4},"end":{"line":15,"column":5}},{"start":{},"end":{}}],"line":12},"1":{"loc":{"start":{"line":17,"column":4},"end":{"line":20,"column":5}},"type":"if","locations":[{"start":{"line":17,"column":4},"end":{"line":20,"column":5}},{"start":{},"end":{}}],"line":17}},"s":{"0":4,"1":4,"2":2,"3":1,"4":1,"5":1,"6":1,"7":1,"8":0,"9":0,"10":0,"11":0,"12":0,"13":0,"14":4},"f":{"0":4,"1":2},"b":{"0":[1,1],"1":[1,0]},"_coverageSchema":"1a1c01bbd47fc00a2c39e90264f33305004495a9","hash":"28d05f7b190dbbef831c4a2f936751bc51345949"}
,"C:\\Users\\dougl\\OneDrive\\Documentos\\repos\\rocketseat-ignews-modulo-3\\src\\pages\\_app.tsx": {"path":"C:\\Users\\dougl\\OneDrive\\Documentos\\repos\\rocketseat-ignews-modulo-3\\src\\pages\\_app.tsx","statementMap":{"0":{"start":{"line":8,"column":2},"end":{"line":15,"column":4}}},"fnMap":{"0":{"name":"MyApp","decl":{"start":{"line":7,"column":9},"end":{"line":7,"column":14}},"loc":{"start":{"line":7,"column":78},"end":{"line":16,"column":1}},"line":7}},"branchMap":{},"s":{"0":0},"f":{"0":0},"b":{}}
,"C:\\Users\\dougl\\OneDrive\\Documentos\\repos\\rocketseat-ignews-modulo-3\\src\\pages\\_document.tsx": {"path":"C:\\Users\\dougl\\OneDrive\\Documentos\\repos\\rocketseat-ignews-modulo-3\\src\\pages\\_document.tsx","statementMap":{"0":{"start":{"line":5,"column":4},"end":{"line":22,"column":6}}},"fnMap":{"0":{"name":"(anonymous_0)","decl":{"start":{"line":4,"column":2},"end":{"line":4,"column":3}},"loc":{"start":{"line":4,"column":11},"end":{"line":23,"column":3}},"line":4}},"branchMap":{},"s":{"0":0},"f":{"0":0},"b":{}}
,"C:\\Users\\dougl\\OneDrive\\Documentos\\repos\\rocketseat-ignews-modulo-3\\src\\pages\\index.tsx": {"path":"C:\\Users\\dougl\\OneDrive\\Documentos\\repos\\rocketseat-ignews-modulo-3\\src\\pages\\index.tsx","statementMap":{"0":{"start":{"line":16,"column":2},"end":{"line":37,"column":4}},"1":{"start":{"line":40,"column":46},"end":{"line":59,"column":1}},"2":{"start":{"line":41,"column":16},"end":{"line":43,"column":4}},"3":{"start":{"line":45,"column":18},"end":{"line":51,"column":3}},"4":{"start":{"line":53,"column":2},"end":{"line":58,"column":4}}},"fnMap":{"0":{"name":"Home","decl":{"start":{"line":15,"column":24},"end":{"line":15,"column":28}},"loc":{"start":{"line":15,"column":53},"end":{"line":38,"column":1}},"line":15},"1":{"name":"(anonymous_1)","decl":{"start":{"line":40,"column":46},"end":{"line":40,"column":47}},"loc":{"start":{"line":40,"column":58},"end":{"line":59,"column":1}},"line":40}},"branchMap":{},"s":{"0":1,"1":1,"2":1,"3":1,"4":1},"f":{"0":1,"1":1},"b":{},"_coverageSchema":"1a1c01bbd47fc00a2c39e90264f33305004495a9","hash":"5d4586e7b9b97205168ff716a1026d28aa43cce4"}
,"C:\\Users\\dougl\\OneDrive\\Documentos\\repos\\rocketseat-ignews-modulo-3\\src\\pages\\posts\\[slug].tsx": {"path":"C:\\Users\\dougl\\OneDrive\\Documentos\\repos\\rocketseat-ignews-modulo-3\\src\\pages\\posts\\[slug].tsx","statementMap":{"0":{"start":{"line":19,"column":2},"end":{"line":33,"column":3}},"1":{"start":{"line":36,"column":54},"end":{"line":69,"column":1}},"2":{"start":{"line":37,"column":18},"end":{"line":37,"column":43}},"3":{"start":{"line":38,"column":19},"end":{"line":38,"column":25}},"4":{"start":{"line":40,"column":2},"end":{"line":47,"column":3}},"5":{"start":{"line":41,"column":4},"end":{"line":46,"column":5}},"6":{"start":{"line":49,"column":18},"end":{"line":49,"column":39}},"7":{"start":{"line":51,"column":19},"end":{"line":51,"column":79}},"8":{"start":{"line":53,"column":15},"end":{"line":62,"column":3}},"9":{"start":{"line":64,"column":2},"end":{"line":68,"column":3}}},"fnMap":{"0":{"name":"Post","decl":{"start":{"line":18,"column":24},"end":{"line":18,"column":28}},"loc":{"start":{"line":18,"column":50},"end":{"line":34,"column":1}},"line":18},"1":{"name":"(anonymous_1)","decl":{"start":{"line":36,"column":54},"end":{"line":36,"column":55}},"loc":{"start":{"line":36,"column":81},"end":{"line":69,"column":1}},"line":36}},"branchMap":{"0":{"loc":{"start":{"line":40,"column":2},"end":{"line":47,"column":3}},"type":"if","locations":[{"start":{"line":40,"column":2},"end":{"line":47,"column":3}},{"start":{},"end":{}}],"line":40}},"s":{"0":1,"1":1,"2":2,"3":2,"4":2,"5":1,"6":1,"7":1,"8":1,"9":1},"f":{"0":1,"1":2},"b":{"0":[1,1]},"_coverageSchema":"1a1c01bbd47fc00a2c39e90264f33305004495a9","hash":"0f653e9d45af0ce6f9a3c56ddacbc98006a5d967"}
,"C:\\Users\\dougl\\OneDrive\\Documentos\\repos\\rocketseat-ignews-modulo-3\\src\\pages\\posts\\index.tsx": {"path":"C:\\Users\\dougl\\OneDrive\\Documentos\\repos\\rocketseat-ignews-modulo-3\\src\\pages\\posts\\index.tsx","statementMap":{"0":{"start":{"line":22,"column":2},"end":{"line":42,"column":4}},"1":{"start":{"line":31,"column":12},"end":{"line":37,"column":19}},"2":{"start":{"line":45,"column":46},"end":{"line":79,"column":1}},"3":{"start":{"line":46,"column":18},"end":{"line":46,"column":36}},"4":{"start":{"line":48,"column":19},"end":{"line":54,"column":3}},"5":{"start":{"line":56,"column":16},"end":{"line":70,"column":4}},"6":{"start":{"line":57,"column":4},"end":{"line":69,"column":6}},"7":{"start":{"line":72,"column":2},"end":{"line":72,"column":46}},"8":{"start":{"line":74,"column":2},"end":{"line":78,"column":4}}},"fnMap":{"0":{"name":"Posts","decl":{"start":{"line":21,"column":24},"end":{"line":21,"column":29}},"loc":{"start":{"line":21,"column":53},"end":{"line":43,"column":1}},"line":21},"1":{"name":"(anonymous_1)","decl":{"start":{"line":30,"column":21},"end":{"line":30,"column":22}},"loc":{"start":{"line":31,"column":12},"end":{"line":37,"column":19}},"line":31},"2":{"name":"(anonymous_2)","decl":{"start":{"line":45,"column":46},"end":{"line":45,"column":47}},"loc":{"start":{"line":45,"column":58},"end":{"line":79,"column":1}},"line":45},"3":{"name":"(anonymous_3)","decl":{"start":{"line":56,"column":37},"end":{"line":56,"column":38}},"loc":{"start":{"line":56,"column":47},"end":{"line":70,"column":3}},"line":56}},"branchMap":{},"s":{"0":1,"1":1,"2":1,"3":1,"4":1,"5":1,"6":1,"7":1,"8":1},"f":{"0":1,"1":1,"2":1,"3":1},"b":{},"_coverageSchema":"1a1c01bbd47fc00a2c39e90264f33305004495a9","hash":"e94485c09e09b007a251cf57e4f40f66a5b2f65d"}
,"C:\\Users\\dougl\\OneDrive\\Documentos\\repos\\rocketseat-ignews-modulo-3\\src\\pages\\posts\\preview\\[slug].tsx": {"path":"C:\\Users\\dougl\\OneDrive\\Documentos\\repos\\rocketseat-ignews-modulo-3\\src\\pages\\posts\\preview\\[slug].tsx","statementMap":{"0":{"start":{"line":22,"column":28},"end":{"line":22,"column":40}},"1":{"start":{"line":23,"column":17},"end":{"line":23,"column":28}},"2":{"start":{"line":25,"column":2},"end":{"line":29,"column":15}},"3":{"start":{"line":26,"column":4},"end":{"line":28,"column":5}},"4":{"start":{"line":27,"column":6},"end":{"line":27,"column":40}},"5":{"start":{"line":31,"column":2},"end":{"line":51,"column":3}},"6":{"start":{"line":54,"column":46},"end":{"line":59,"column":1}},"7":{"start":{"line":55,"column":2},"end":{"line":58,"column":3}},"8":{"start":{"line":70,"column":46},"end":{"line":96,"column":1}},"9":{"start":{"line":71,"column":19},"end":{"line":71,"column":25}},"10":{"start":{"line":73,"column":18},"end":{"line":73,"column":36}},"11":{"start":{"line":75,"column":19},"end":{"line":75,"column":79}},"12":{"start":{"line":77,"column":18},"end":{"line":77,"column":86}},"13":{"start":{"line":77,"column":75},"end":{"line":77,"column":85}},"14":{"start":{"line":79,"column":15},"end":{"line":88,"column":3}},"15":{"start":{"line":90,"column":2},"end":{"line":95,"column":3}}},"fnMap":{"0":{"name":"PostPreview","decl":{"start":{"line":21,"column":24},"end":{"line":21,"column":35}},"loc":{"start":{"line":21,"column":64},"end":{"line":52,"column":1}},"line":21},"1":{"name":"(anonymous_1)","decl":{"start":{"line":25,"column":12},"end":{"line":25,"column":13}},"loc":{"start":{"line":25,"column":18},"end":{"line":29,"column":3}},"line":25},"2":{"name":"(anonymous_2)","decl":{"start":{"line":54,"column":46},"end":{"line":54,"column":47}},"loc":{"start":{"line":54,"column":58},"end":{"line":59,"column":1}},"line":54},"3":{"name":"(anonymous_3)","decl":{"start":{"line":70,"column":46},"end":{"line":70,"column":47}},"loc":{"start":{"line":70,"column":68},"end":{"line":96,"column":1}},"line":70},"4":{"name":"(anonymous_4)","decl":{"start":{"line":77,"column":67},"end":{"line":77,"column":68}},"loc":{"start":{"line":77,"column":75},"end":{"line":77,"column":85}},"line":77}},"branchMap":{"0":{"loc":{"start":{"line":26,"column":4},"end":{"line":28,"column":5}},"type":"if","locations":[{"start":{"line":26,"column":4},"end":{"line":28,"column":5}},{"start":{},"end":{}}],"line":26}},"s":{"0":2,"1":2,"2":2,"3":2,"4":1,"5":2,"6":1,"7":0,"8":1,"9":1,"10":1,"11":1,"12":1,"13":1,"14":1,"15":1},"f":{"0":2,"1":2,"2":0,"3":1,"4":1},"b":{"0":[1,1]},"_coverageSchema":"1a1c01bbd47fc00a2c39e90264f33305004495a9","hash":"d179881774da0e6b21f5399404651e74c425c0e5"}
}
