TN:
SF:src\components\ActiveLink\index.tsx
FN:10,ActiveLink
FNF:1
FNH:1
FNDA:4,ActiveLink
DA:12,4
DA:14,4
DA:18,4
LF:3
LH:3
BRDA:14,0,0,3
BRDA:14,0,1,1
BRF:2
BRH:2
end_of_record
TN:
SF:src\components\Async\index.tsx
FN:3,Async
FN:6,(anonymous_1)
FN:7,(anonymous_2)
FNF:3
FNH:3
FNDA:2,Async
FNDA:1,(anonymous_1)
FNDA:1,(anonymous_2)
DA:4,2
DA:6,2
DA:7,1
DA:8,1
DA:12,2
LF:5
LH:5
BRDA:15,0,0,2
BRDA:15,0,1,1
BRF:2
BRH:2
end_of_record
TN:
SF:src\components\Header\index.tsx
FN:8,Header
FNF:1
FNH:1
FNDA:1,Header
DA:10,1
LF:1
LH:1
BRF:0
BRH:0
end_of_record
TN:
SF:src\components\SignInButton\index.tsx
FN:7,SignInButton
FN:16,(anonymous_1)
FN:29,(anonymous_2)
FNF:3
FNH:1
FNDA:3,SignInButton
FNDA:0,(anonymous_1)
FNDA:0,(anonymous_2)
DA:8,3
DA:12,3
DA:17,0
DA:30,0
LF:4
LH:2
BRDA:12,0,0,1
BRDA:12,0,1,2
BRF:2
BRH:2
end_of_record
TN:
SF:src\components\SubscribeButton\index.tsx
FN:7,SubscribeButton
FN:11,handleSubscribe
FNF:2
FNH:2
FNDA:4,SubscribeButton
FNDA:2,handleSubscribe
DA:8,4
DA:9,4
DA:12,2
DA:13,1
DA:14,1
DA:17,1
DA:18,1
DA:19,1
DA:22,0
DA:23,0
DA:25,0
DA:27,0
DA:29,0
DA:31,0
DA:35,4
LF:15
LH:9
BRDA:12,0,0,1
BRDA:12,0,1,1
BRDA:17,1,0,1
BRDA:17,1,1,0
BRF:4
BRH:3
end_of_record
TN:
SF:src\pages\_app.tsx
FN:7,MyApp
FNF:1
FNH:0
FNDA:0,MyApp
DA:8,0
LF:1
LH:0
BRF:0
BRH:0
end_of_record
TN:
SF:src\pages\_document.tsx
FN:4,(anonymous_0)
FNF:1
FNH:0
FNDA:0,(anonymous_0)
DA:5,0
LF:1
LH:0
BRF:0
BRH:0
end_of_record
TN:
SF:src\pages\index.tsx
FN:15,Home
FN:40,(anonymous_1)
FNF:2
FNH:2
FNDA:1,Home
FNDA:1,(anonymous_1)
DA:16,1
DA:40,1
DA:41,1
DA:45,1
DA:53,1
LF:5
LH:5
BRF:0
BRH:0
end_of_record
TN:
SF:src\pages\posts\[slug].tsx
FN:18,Post
FN:36,(anonymous_1)
FNF:2
FNH:2
FNDA:1,Post
FNDA:2,(anonymous_1)
DA:19,1
DA:36,1
DA:37,2
DA:38,2
DA:40,2
DA:41,1
DA:49,1
DA:51,1
DA:53,1
DA:64,1
LF:10
LH:10
BRDA:40,0,0,1
BRDA:40,0,1,1
BRF:2
BRH:2
end_of_record
TN:
SF:src\pages\posts\index.tsx
FN:21,Posts
FN:30,(anonymous_1)
FN:45,(anonymous_2)
FN:56,(anonymous_3)
FNF:4
FNH:4
FNDA:1,Posts
FNDA:1,(anonymous_1)
FNDA:1,(anonymous_2)
FNDA:1,(anonymous_3)
DA:22,1
DA:31,1
DA:45,1
DA:46,1
DA:48,1
DA:56,1
DA:57,1
DA:72,1
DA:74,1
LF:9
LH:9
BRF:0
BRH:0
end_of_record
TN:
SF:src\pages\posts\preview\[slug].tsx
FN:21,PostPreview
FN:25,(anonymous_1)
FN:54,(anonymous_2)
FN:70,(anonymous_3)
FN:77,(anonymous_4)
FNF:5
FNH:4
FNDA:2,PostPreview
FNDA:2,(anonymous_1)
FNDA:0,(anonymous_2)
FNDA:1,(anonymous_3)
FNDA:1,(anonymous_4)
DA:22,2
DA:23,2
DA:25,2
DA:26,2
DA:27,1
DA:31,2
DA:54,1
DA:55,0
DA:70,1
DA:71,1
DA:73,1
DA:75,1
DA:77,1
DA:79,1
DA:90,1
LF:15
LH:14
BRDA:26,0,0,1
BRDA:26,0,1,1
BRF:2
BRH:2
end_of_record
